\BOOKMARK [1][-]{section.1}{Introduzione}{}% 1
\BOOKMARK [2][-]{subsection.1.1}{Scopo del documento}{section.1}% 2
\BOOKMARK [2][-]{subsection.1.2}{Scopo del prodotto}{section.1}% 3
\BOOKMARK [2][-]{subsection.1.3}{Glossario}{section.1}% 4
\BOOKMARK [2][-]{subsection.1.4}{Riferimenti utili}{section.1}% 5
\BOOKMARK [3][-]{subsubsection.1.4.1}{Riferimenti normativi}{subsection.1.4}% 6
\BOOKMARK [3][-]{subsubsection.1.4.2}{Riferimenti informativi}{subsection.1.4}% 7
\BOOKMARK [1][-]{section.2}{Descrizione generale}{}% 8
\BOOKMARK [2][-]{subsection.2.1}{Obiettivo del prodotto}{section.2}% 9
\BOOKMARK [2][-]{subsection.2.2}{Funzioni del prodotto}{section.2}% 10
\BOOKMARK [2][-]{subsection.2.3}{Caratteristiche degli utenti}{section.2}% 11
\BOOKMARK [2][-]{subsection.2.4}{Piattaforma di esecuzione}{section.2}% 12
\BOOKMARK [2][-]{subsection.2.5}{Vincoli generali}{section.2}% 13
\BOOKMARK [1][-]{section.3}{Casi d'uso}{}% 14
\BOOKMARK [2][-]{subsection.3.1}{Gerarchia degli attori}{section.3}% 15
\BOOKMARK [2][-]{subsection.3.2}{Caso d'uso UCG: Utilizzo generale del prototipo}{section.3}% 16
\BOOKMARK [2][-]{subsection.3.3}{Caso d'uso UC1: Navigazione}{section.3}% 17
\BOOKMARK [2][-]{subsection.3.4}{Caso d'uso UC1.1: Inserimento destinazione}{section.3}% 18
\BOOKMARK [2][-]{subsection.3.5}{Caso d'uso UC1.1.1: Scelta destinazione}{section.3}% 19
\BOOKMARK [2][-]{subsection.3.6}{Caso d'uso UC1.1.2: Conferma scelta}{section.3}% 20
\BOOKMARK [2][-]{subsection.3.7}{Caso d'uso UC1.1.3: Ricerca per nome}{section.3}% 21
\BOOKMARK [2][-]{subsection.3.8}{Caso d'uso UC1.1.4: Ricerca per categoria}{section.3}% 22
\BOOKMARK [2][-]{subsection.3.9}{Caso d'uso UC1.1.5: Visualizzazione errore destinazione sconosciuta}{section.3}% 23
\BOOKMARK [2][-]{subsection.3.10}{Caso d'uso UC1.2: Avvio navigazione}{section.3}% 24
\BOOKMARK [2][-]{subsection.3.11}{Caso d'uso UC1.2.1: Conferma avvio navigazione}{section.3}% 25
\BOOKMARK [2][-]{subsection.3.12}{Caso d'uso UC1.3: Interruzione navigazione}{section.3}% 26
\BOOKMARK [2][-]{subsection.3.13}{Caso d'uso UC1.4: Accesso a maggiori indicazioni}{section.3}% 27
\BOOKMARK [2][-]{subsection.3.14}{Caso d'uso UC1.4.1: Accesso foto della prossima area}{section.3}% 28
\BOOKMARK [2][-]{subsection.3.15}{Caso d'uso UC1.4.2: Accesso indicazione testuale estesa}{section.3}% 29
\BOOKMARK [2][-]{subsection.3.16}{Caso d'uso UC1.4.3: Accesso lista indicazioni}{section.3}% 30
\BOOKMARK [2][-]{subsection.3.17}{Caso d'uso UC1.4.4: Segnalazione errore connessione Internet assente}{section.3}% 31
\BOOKMARK [2][-]{subsection.3.18}{Caso d'uso UC1.5: Visualizzazione indicazioni}{section.3}% 32
\BOOKMARK [2][-]{subsection.3.19}{Caso d'uso UC1.6: Visualizzazione errore percorso}{section.3}% 33
\BOOKMARK [2][-]{subsection.3.20}{Caso d'uso UC1.7: Visualizzazione errore beacon}{section.3}% 34
\BOOKMARK [2][-]{subsection.3.21}{Caso d'uso UC2: Accesso alle informazioni}{section.3}% 35
\BOOKMARK [2][-]{subsection.3.22}{Caso d'uso UC2.1: Accesso alle informazioni dell'edificio}{section.3}% 36
\BOOKMARK [2][-]{subsection.3.23}{Caso d'uso UC2.1.1: Accesso orari edificio}{section.3}% 37
\BOOKMARK [2][-]{subsection.3.24}{Caso d'uso UC2.1.2: Accesso indirizzo edificio}{section.3}% 38
\BOOKMARK [2][-]{subsection.3.25}{Caso d'uso UC2.1.3: Accesso nome edificio}{section.3}% 39
\BOOKMARK [2][-]{subsection.3.26}{Caso d'uso UC2.1.4: Accesso descrizione edificio}{section.3}% 40
\BOOKMARK [2][-]{subsection.3.27}{Caso d'uso UC2.2: Accesso lista POI edificio}{section.3}% 41
\BOOKMARK [2][-]{subsection.3.28}{Caso d'uso UC2.3: Accesso lista POI circostanti}{section.3}% 42
\BOOKMARK [2][-]{subsection.3.29}{Caso d'uso UC2.4: Accesso informazione POI}{section.3}% 43
\BOOKMARK [2][-]{subsection.3.30}{Caso d'uso UC2.4.1: Accesso nome POI}{section.3}% 44
\BOOKMARK [2][-]{subsection.3.31}{Caso d'uso UC2.4.2: Accesso descrizione POI}{section.3}% 45
\BOOKMARK [2][-]{subsection.3.32}{Caso d'uso UC3: Gestione dell'applicazione}{section.3}% 46
\BOOKMARK [2][-]{subsection.3.33}{Caso d'uso UC3.1: Gestione mappe}{section.3}% 47
\BOOKMARK [2][-]{subsection.3.34}{Caso d'uso UC3.1.1: Gestione mappe installate}{section.3}% 48
\BOOKMARK [2][-]{subsection.3.35}{Caso d'uso UC3.1.1.1: Reperimento mappe installate}{section.3}% 49
\BOOKMARK [2][-]{subsection.3.36}{Caso d'uso UC3.1.1.2: Aggiornamento mappa}{section.3}% 50
\BOOKMARK [2][-]{subsection.3.37}{Caso d'uso UC3.1.1.3: Rimozione mappa}{section.3}% 51
\BOOKMARK [2][-]{subsection.3.38}{Caso d'uso UC3.1.1.4: Reperimento dettagli mappa installata}{section.3}% 52
\BOOKMARK [2][-]{subsection.3.39}{Caso d'uso UC3.1.2: Gestione mappe non installate}{section.3}% 53
\BOOKMARK [2][-]{subsection.3.40}{Caso d'uso UC3.1.2.1: Ricerca mappa per nome}{section.3}% 54
\BOOKMARK [2][-]{subsection.3.41}{Caso d'uso UC3.1.2.2: Installazione nuova mappa}{section.3}% 55
\BOOKMARK [2][-]{subsection.3.42}{Caso d'uso UC3.1.2.3: Reperimento dettagli mappa non installata}{section.3}% 56
\BOOKMARK [2][-]{subsection.3.43}{Caso d'uso UC3.1.2.4: Nessuna mappa trovata}{section.3}% 57
\BOOKMARK [2][-]{subsection.3.44}{Caso d'uso UC3.2: Gestione preferenze navigazione}{section.3}% 58
\BOOKMARK [2][-]{subsection.3.45}{Caso d'uso UC3.2.1: Gestione fruizione indicazioni}{section.3}% 59
\BOOKMARK [2][-]{subsection.3.46}{Caso d'uso UC3.2.1.1: Attivazione indicazioni vocali}{section.3}% 60
\BOOKMARK [2][-]{subsection.3.47}{Caso d'uso UC3.2.1.2: Attivazione indicazioni sonore}{section.3}% 61
\BOOKMARK [2][-]{subsection.3.48}{Caso d'uso UC3.2.1.3: Disattivazione indicazioni vocali}{section.3}% 62
\BOOKMARK [2][-]{subsection.3.49}{Caso d'uso UC3.2.1.4: Disattivazione indicazioni sonore}{section.3}% 63
\BOOKMARK [2][-]{subsection.3.50}{Caso d'uso UC3.2.2: Gestione preferenze percorso}{section.3}% 64
\BOOKMARK [2][-]{subsection.3.51}{Caso d'uso UC3.2.2.1: Scelta percorso pi\371 accessibile}{section.3}% 65
\BOOKMARK [2][-]{subsection.3.52}{Caso d'uso UC3.2.2.2: Scelta evitare ascensori}{section.3}% 66
\BOOKMARK [2][-]{subsection.3.53}{Caso d'uso UC3.2.2.3: Scelta percorso pi\371 veloce}{section.3}% 67
\BOOKMARK [2][-]{subsection.3.54}{Caso d'uso UC4: Attivazione funzionalit\340 sviluppatore}{section.3}% 68
\BOOKMARK [2][-]{subsection.3.55}{Caso d'uso UC4.1: Inserimento codice sviluppatore}{section.3}% 69
\BOOKMARK [2][-]{subsection.3.56}{Caso d'uso UC4.2: Conferma codice}{section.3}% 70
\BOOKMARK [2][-]{subsection.3.57}{Caso d'uso UC4.3: Visualizzazione errore codice}{section.3}% 71
\BOOKMARK [2][-]{subsection.3.58}{Caso d'uso UC5: Accesso alla guida}{section.3}% 72
\BOOKMARK [2][-]{subsection.3.59}{Caso d'uso UC6: Accesso funzionalit\340 sviluppatore}{section.3}% 73
\BOOKMARK [2][-]{subsection.3.60}{Caso d'uso UC6.1: Accesso informazioni beacon circostanti}{section.3}% 74
\BOOKMARK [2][-]{subsection.3.61}{Caso d'uso UC6.1.1: Accesso UUID}{section.3}% 75
\BOOKMARK [2][-]{subsection.3.62}{Caso d'uso UC6.1.2: Accesso Major}{section.3}% 76
\BOOKMARK [2][-]{subsection.3.63}{Caso d'uso UC6.1.3: Accesso Minor}{section.3}% 77
\BOOKMARK [2][-]{subsection.3.64}{Caso d'uso UC6.1.4: Accesso livello di potenza del segnale}{section.3}% 78
\BOOKMARK [2][-]{subsection.3.65}{Caso d'uso UC6.1.5: Accesso livello batteria}{section.3}% 79
\BOOKMARK [2][-]{subsection.3.66}{Caso d'uso UC6.1.6: Accesso distanza approssimativa}{section.3}% 80
\BOOKMARK [2][-]{subsection.3.67}{Caso d'uso UC6.1.7: Accesso formato del beacon}{section.3}% 81
\BOOKMARK [2][-]{subsection.3.68}{Caso d'uso UC6.1.8: Accesso area coperta da beacon}{section.3}% 82
\BOOKMARK [2][-]{subsection.3.69}{Caso d'uso UC6.2: Gestione log}{section.3}% 83
\BOOKMARK [2][-]{subsection.3.70}{Caso d'uso UC6.2.1: Avvio nuovo log}{section.3}% 84
\BOOKMARK [2][-]{subsection.3.71}{Caso d'uso UC6.2.2: Interruzione log}{section.3}% 85
\BOOKMARK [2][-]{subsection.3.72}{Caso d'uso UC6.2.3: Rimozione log}{section.3}% 86
\BOOKMARK [2][-]{subsection.3.73}{Caso d'uso UC6.2.4: Accesso log salvato}{section.3}% 87
\BOOKMARK [2][-]{subsection.3.74}{Caso d'uso UC7: Segnalazione errore nessuna connessione Internet}{section.3}% 88
\BOOKMARK [2][-]{subsection.3.75}{Caso d'uso UC8: Segnalazione errore mappa non aggiornata}{section.3}% 89
\BOOKMARK [2][-]{subsection.3.76}{Caso d'uso UC9: Segnalazione errore mappa non installata}{section.3}% 90
\BOOKMARK [1][-]{section.4}{Requisiti}{}% 91
\BOOKMARK [2][-]{subsection.4.1}{Tabelle dei requisiti}{section.4}% 92
\BOOKMARK [2][-]{subsection.4.2}{Tracciamento fonti-requisiti}{section.4}% 93
\BOOKMARK [2][-]{subsection.4.3}{Riepilogo}{section.4}% 94
\BOOKMARK [1][-]{section.5}{Tracciamento test}{}% 95
\BOOKMARK [2][-]{subsection.5.1}{Tracciamento requisiti-test di sistema-test di accettazione}{section.5}% 96
